Compiling the CXX compiler identification source file "CMakeCXXCompilerId.cpp" failed.
Compiler: C:/Program Files (x86)/Microsoft Visual Studio/2019/Community/VC/Tools/MSVC/14.29.30133/bin/Hostx64/x64/cl.exe 
Build flags: 
Id flags:  

The output was:
2
Оптимизирующий компилятор Microsoft (R) C/C++ версии 19.29.30148 для x64
(C) Корпорация Майкрософт (Microsoft Corporation).  Все права защищены.

CMakeCXXCompilerId.cpp
Microsoft (R) Incremental Linker Version 14.29.30148.0
Copyright (C) Microsoft Corporation.  All rights reserved.

/out:CMakeCXXCompilerId.exe 
CMakeCXXCompilerId.obj 
LINK : fatal error LNK1104: не удается открыть файл "kernel32.lib"


Detecting CXX compiler ABI info failed to compile with the following output:
Change Dir: C:/Users/user666/source/curly-eureka/cocos-headers/out/build/x64-Debug/CMakeFiles/CMakeTmp

Run Build Command(s):C:/Program Files (x86)/Microsoft Visual Studio/2019/Community/Common7/IDE/CommonExtensions/Microsoft/CMake/Ninja/ninja.exe cmTC_1d92d && [1/2] Building CXX object CMakeFiles\cmTC_1d92d.dir\CMakeCXXCompilerABI.cpp.obj
[2/2] Linking CXX executable cmTC_1d92d.exe
FAILED: cmTC_1d92d.exe 
cmd.exe /C "cd . && "C:\Program Files (x86)\Microsoft Visual Studio\2019\Community\Common7\IDE\CommonExtensions\Microsoft\CMake\CMake\bin\cmake.exe" -E vs_link_exe --intdir=CMakeFiles\cmTC_1d92d.dir --rc=rc --mt=CMAKE_MT-NOTFOUND --manifests  -- "C:\PROGRA~2\Microsoft Visual Studio\2019\Community\VC\Tools\MSVC\14.29.30133\bin\Hostx64\x64\link.exe" /nologo CMakeFiles\cmTC_1d92d.dir\CMakeCXXCompilerABI.cpp.obj  /out:cmTC_1d92d.exe /implib:cmTC_1d92d.lib /pdb:cmTC_1d92d.pdb /version:0.0 /machine:x64  /debug /INCREMENTAL /subsystem:console  kernel32.lib user32.lib gdi32.lib winspool.lib shell32.lib ole32.lib oleaut32.lib uuid.lib comdlg32.lib advapi32.lib && cd ."
RC Pass 1: command "rc /fo CMakeFiles\cmTC_1d92d.dir/manifest.res CMakeFiles\cmTC_1d92d.dir/manifest.rc" failed (exit code 0) with the following output:
Не удается найти указанный файл
ninja: build stopped: subcommand failed.




Determining if the CXX compiler works failed with the following output:
Change Dir: C:/Users/user666/source/curly-eureka/cocos-headers/out/build/x64-Debug/CMakeFiles/CMakeTmp

Run Build Command(s):C:/Program Files (x86)/Microsoft Visual Studio/2019/Community/Common7/IDE/CommonExtensions/Microsoft/CMake/Ninja/ninja.exe cmTC_440a7 && [1/2] Building CXX object CMakeFiles\cmTC_440a7.dir\testCXXCompiler.cxx.obj
[2/2] Linking CXX executable cmTC_440a7.exe
FAILED: cmTC_440a7.exe 
cmd.exe /C "cd . && "C:\Program Files (x86)\Microsoft Visual Studio\2019\Community\Common7\IDE\CommonExtensions\Microsoft\CMake\CMake\bin\cmake.exe" -E vs_link_exe --intdir=CMakeFiles\cmTC_440a7.dir --rc=rc --mt=CMAKE_MT-NOTFOUND --manifests  -- "C:\PROGRA~2\Microsoft Visual Studio\2019\Community\VC\Tools\MSVC\14.29.30133\bin\Hostx64\x64\link.exe" /nologo CMakeFiles\cmTC_440a7.dir\testCXXCompiler.cxx.obj  /out:cmTC_440a7.exe /implib:cmTC_440a7.lib /pdb:cmTC_440a7.pdb /version:0.0 /machine:x64  /debug /INCREMENTAL /subsystem:console  kernel32.lib user32.lib gdi32.lib winspool.lib shell32.lib ole32.lib oleaut32.lib uuid.lib comdlg32.lib advapi32.lib && cd ."
RC Pass 1: command "rc /fo CMakeFiles\cmTC_440a7.dir/manifest.res CMakeFiles\cmTC_440a7.dir/manifest.rc" failed (exit code 0) with the following output:
Не удается найти указанный файл
ninja: build stopped: subcommand failed.



